C:\Users\pppp\Desktop\KSR_LAB1\Debug\cl.command.1.tlog
C:\Users\pppp\Desktop\KSR_LAB1\Debug\CL.read.1.tlog
C:\Users\pppp\Desktop\KSR_LAB1\Debug\CL.write.1.tlog
C:\USERS\PPPP\DESKTOP\KSR_LAB1\DEBUG\DLLMAIN.OBJ
C:\USERS\PPPP\DESKTOP\KSR_LAB1\DEBUG\FACTORY.OBJ
C:\USERS\PPPP\DESKTOP\KSR_LAB1\DEBUG\GUIDS.OBJ
C:\USERS\PPPP\DESKTOP\KSR_LAB1\DEBUG\KLASA.OBJ
C:\USERS\PPPP\DESKTOP\KSR_LAB1\DEBUG\KSR_LAB1.DLL
C:\USERS\PPPP\DESKTOP\KSR_LAB1\DEBUG\KSR_LAB1.DLL.EMBED.MANIFEST
C:\USERS\PPPP\DESKTOP\KSR_LAB1\DEBUG\KSR_LAB1.DLL.EMBED.MANIFEST.RES
C:\USERS\PPPP\DESKTOP\KSR_LAB1\DEBUG\KSR_LAB1.DLL.INTERMEDIATE.MANIFEST
C:\Users\pppp\Desktop\KSR_LAB1\Debug\KSR_LAB1.exp
C:\USERS\PPPP\DESKTOP\KSR_LAB1\DEBUG\KSR_LAB1.ILK
C:\Users\pppp\Desktop\KSR_LAB1\Debug\KSR_LAB1.lib
C:\USERS\PPPP\DESKTOP\KSR_LAB1\DEBUG\KSR_LAB1.PDB
C:\Users\pppp\Desktop\KSR_LAB1\Debug\KSR_LAB1.write.1.tlog
C:\Users\pppp\Desktop\KSR_LAB1\Debug\KSR_LAB1_manifest.rc
C:\Users\pppp\Desktop\KSR_LAB1\Debug\link.22936.read.1.tlog
C:\Users\pppp\Desktop\KSR_LAB1\Debug\link.22936.write.1.tlog
C:\Users\pppp\Desktop\KSR_LAB1\Debug\link.22936-cvtres.read.1.tlog
C:\Users\pppp\Desktop\KSR_LAB1\Debug\link.22936-cvtres.write.1.tlog
C:\Users\pppp\Desktop\KSR_LAB1\Debug\link.command.1.tlog
C:\Users\pppp\Desktop\KSR_LAB1\Debug\link.read.1.tlog
C:\Users\pppp\Desktop\KSR_LAB1\Debug\link.write.1.tlog
C:\Users\pppp\Desktop\KSR_LAB1\Debug\link-cvtres.read.1.tlog
C:\Users\pppp\Desktop\KSR_LAB1\Debug\link-cvtres.write.1.tlog
C:\Users\pppp\Desktop\KSR_LAB1\Debug\mt.command.1.tlog
C:\Users\pppp\Desktop\KSR_LAB1\Debug\mt.read.1.tlog
C:\Users\pppp\Desktop\KSR_LAB1\Debug\mt.write.1.tlog
C:\Users\pppp\Desktop\KSR_LAB1\Debug\pokaz.ilk
C:\Users\pppp\Desktop\KSR_LAB1\Debug\pokaz.pdb
C:\Users\pppp\Desktop\KSR_LAB1\Debug\rc.command.1.tlog
C:\Users\pppp\Desktop\KSR_LAB1\Debug\rc.read.1.tlog
C:\Users\pppp\Desktop\KSR_LAB1\Debug\rc.write.1.tlog
C:\Users\pppp\Desktop\KSR_LAB1\Debug\vc100.idb
C:\USERS\PPPP\DESKTOP\KSR_LAB1\DEBUG\VC100.PDB
