C:\USERS\PPPP\DESKTOP\KSR_LAB1\DEBUG\POKAZ.EXE
C:\USERS\PPPP\DESKTOP\KSR_LAB1\DEBUG\POKAZ.ILK
C:\USERS\PPPP\DESKTOP\KSR_LAB1\DEBUG\POKAZ.PDB
C:\Users\pppp\Desktop\pokaz\Debug\cl.command.1.tlog
C:\Users\pppp\Desktop\pokaz\Debug\CL.read.1.tlog
C:\Users\pppp\Desktop\pokaz\Debug\CL.write.1.tlog
C:\USERS\PPPP\DESKTOP\POKAZ\DEBUG\CLIENT.OBJ
C:\USERS\PPPP\DESKTOP\POKAZ\DEBUG\GUIDS.OBJ
C:\Users\pppp\Desktop\pokaz\Debug\link.13596.read.1.tlog
C:\Users\pppp\Desktop\pokaz\Debug\link.13596.write.1.tlog
C:\Users\pppp\Desktop\pokaz\Debug\link.13596-cvtres.read.1.tlog
C:\Users\pppp\Desktop\pokaz\Debug\link.13596-cvtres.write.1.tlog
C:\Users\pppp\Desktop\pokaz\Debug\link.command.1.tlog
C:\Users\pppp\Desktop\pokaz\Debug\link.read.1.tlog
C:\Users\pppp\Desktop\pokaz\Debug\link.write.1.tlog
C:\Users\pppp\Desktop\pokaz\Debug\link-cvtres.read.1.tlog
C:\Users\pppp\Desktop\pokaz\Debug\link-cvtres.write.1.tlog
C:\Users\pppp\Desktop\pokaz\Debug\mt.command.1.tlog
C:\Users\pppp\Desktop\pokaz\Debug\mt.read.1.tlog
C:\Users\pppp\Desktop\pokaz\Debug\mt.write.1.tlog
C:\USERS\PPPP\DESKTOP\POKAZ\DEBUG\POKAZ.EXE.EMBED.MANIFEST
C:\USERS\PPPP\DESKTOP\POKAZ\DEBUG\POKAZ.EXE.EMBED.MANIFEST.RES
C:\USERS\PPPP\DESKTOP\POKAZ\DEBUG\POKAZ.EXE.INTERMEDIATE.MANIFEST
C:\Users\pppp\Desktop\pokaz\Debug\pokaz.write.1.tlog
C:\Users\pppp\Desktop\pokaz\Debug\pokaz_manifest.rc
C:\Users\pppp\Desktop\pokaz\Debug\rc.command.1.tlog
C:\Users\pppp\Desktop\pokaz\Debug\rc.read.1.tlog
C:\Users\pppp\Desktop\pokaz\Debug\rc.write.1.tlog
C:\Users\pppp\Desktop\pokaz\Debug\vc100.idb
C:\USERS\PPPP\DESKTOP\POKAZ\DEBUG\VC100.PDB
