C:\USERS\PPPP\DESKTOP\KSR_LAB1\DEBUG\EXESERV.EXE
C:\USERS\PPPP\DESKTOP\KSR_LAB1\DEBUG\EXESERV.ILK
C:\USERS\PPPP\DESKTOP\KSR_LAB1\DEBUG\EXESERV.PDB
C:\Users\pppp\Desktop\KSR_LAB1\exeserv\Debug\cl.command.1.tlog
C:\Users\pppp\Desktop\KSR_LAB1\exeserv\Debug\CL.read.1.tlog
C:\Users\pppp\Desktop\KSR_LAB1\exeserv\Debug\CL.write.1.tlog
C:\USERS\PPPP\DESKTOP\KSR_LAB1\EXESERV\DEBUG\EXESERV.EXE.EMBED.MANIFEST
C:\USERS\PPPP\DESKTOP\KSR_LAB1\EXESERV\DEBUG\EXESERV.EXE.EMBED.MANIFEST.RES
C:\USERS\PPPP\DESKTOP\KSR_LAB1\EXESERV\DEBUG\EXESERV.EXE.INTERMEDIATE.MANIFEST
C:\USERS\PPPP\DESKTOP\KSR_LAB1\EXESERV\DEBUG\EXESERV.OBJ
C:\Users\pppp\Desktop\KSR_LAB1\exeserv\Debug\exeserv.write.1.tlog
C:\Users\pppp\Desktop\KSR_LAB1\exeserv\Debug\exeserv_manifest.rc
C:\USERS\PPPP\DESKTOP\KSR_LAB1\EXESERV\DEBUG\FACTORY.OBJ
C:\USERS\PPPP\DESKTOP\KSR_LAB1\EXESERV\DEBUG\GUIDS.OBJ
C:\USERS\PPPP\DESKTOP\KSR_LAB1\EXESERV\DEBUG\KLASA.OBJ
C:\Users\pppp\Desktop\KSR_LAB1\exeserv\Debug\link.19916.read.1.tlog
C:\Users\pppp\Desktop\KSR_LAB1\exeserv\Debug\link.19916.write.1.tlog
C:\Users\pppp\Desktop\KSR_LAB1\exeserv\Debug\link.19916-cvtres.read.1.tlog
C:\Users\pppp\Desktop\KSR_LAB1\exeserv\Debug\link.19916-cvtres.write.1.tlog
C:\Users\pppp\Desktop\KSR_LAB1\exeserv\Debug\link.command.1.tlog
C:\Users\pppp\Desktop\KSR_LAB1\exeserv\Debug\link.read.1.tlog
C:\Users\pppp\Desktop\KSR_LAB1\exeserv\Debug\link.write.1.tlog
C:\Users\pppp\Desktop\KSR_LAB1\exeserv\Debug\link-cvtres.read.1.tlog
C:\Users\pppp\Desktop\KSR_LAB1\exeserv\Debug\link-cvtres.write.1.tlog
C:\Users\pppp\Desktop\KSR_LAB1\exeserv\Debug\mt.command.1.tlog
C:\Users\pppp\Desktop\KSR_LAB1\exeserv\Debug\mt.read.1.tlog
C:\Users\pppp\Desktop\KSR_LAB1\exeserv\Debug\mt.write.1.tlog
C:\Users\pppp\Desktop\KSR_LAB1\exeserv\Debug\rc.command.1.tlog
C:\Users\pppp\Desktop\KSR_LAB1\exeserv\Debug\rc.read.1.tlog
C:\Users\pppp\Desktop\KSR_LAB1\exeserv\Debug\rc.write.1.tlog
C:\Users\pppp\Desktop\KSR_LAB1\exeserv\Debug\vc100.idb
C:\USERS\PPPP\DESKTOP\KSR_LAB1\EXESERV\DEBUG\VC100.PDB
