C:\Users\pppp\Desktop\com_2\Debug\cl.command.1.tlog
C:\Users\pppp\Desktop\com_2\Debug\CL.read.1.tlog
C:\Users\pppp\Desktop\com_2\Debug\CL.write.1.tlog
C:\USERS\PPPP\DESKTOP\COM_2\DEBUG\COM_2.DLL.EMBED.MANIFEST
C:\USERS\PPPP\DESKTOP\COM_2\DEBUG\COM_2.DLL.EMBED.MANIFEST.RES
C:\USERS\PPPP\DESKTOP\COM_2\DEBUG\COM_2.DLL.INTERMEDIATE.MANIFEST
C:\Users\pppp\Desktop\com_2\Debug\com_2.write.1.tlog
C:\Users\pppp\Desktop\com_2\Debug\com_2_manifest.rc
C:\USERS\PPPP\DESKTOP\COM_2\DEBUG\DLLDATA.OBJ
C:\USERS\PPPP\DESKTOP\COM_2\DEBUG\GUIDS.OBJ
C:\USERS\PPPP\DESKTOP\COM_2\DEBUG\KLASA_I.OBJ
C:\USERS\PPPP\DESKTOP\COM_2\DEBUG\KLASA_P.OBJ
C:\Users\pppp\Desktop\com_2\Debug\link.24488.read.1.tlog
C:\Users\pppp\Desktop\com_2\Debug\link.24488.write.1.tlog
C:\Users\pppp\Desktop\com_2\Debug\link.24488-cvtres.read.1.tlog
C:\Users\pppp\Desktop\com_2\Debug\link.24488-cvtres.write.1.tlog
C:\Users\pppp\Desktop\com_2\Debug\link.command.1.tlog
C:\Users\pppp\Desktop\com_2\Debug\link.read.1.tlog
C:\Users\pppp\Desktop\com_2\Debug\link.write.1.tlog
C:\Users\pppp\Desktop\com_2\Debug\link-cvtres.read.1.tlog
C:\Users\pppp\Desktop\com_2\Debug\link-cvtres.write.1.tlog
C:\Users\pppp\Desktop\com_2\Debug\midl.command.1.tlog
C:\Users\pppp\Desktop\com_2\Debug\midl.read.1.tlog
C:\Users\pppp\Desktop\com_2\Debug\midl.write.1.tlog
C:\Users\pppp\Desktop\com_2\Debug\midl-midlc.read.1.tlog
C:\Users\pppp\Desktop\com_2\Debug\midl-midlc.write.1.tlog
C:\Users\pppp\Desktop\com_2\Debug\midl-midlc-cl.read.1.tlog
C:\Users\pppp\Desktop\com_2\Debug\mt.command.1.tlog
C:\Users\pppp\Desktop\com_2\Debug\mt.read.1.tlog
C:\Users\pppp\Desktop\com_2\Debug\mt.write.1.tlog
C:\Users\pppp\Desktop\com_2\Debug\rc.command.1.tlog
C:\Users\pppp\Desktop\com_2\Debug\rc.read.1.tlog
C:\Users\pppp\Desktop\com_2\Debug\rc.write.1.tlog
C:\Users\pppp\Desktop\com_2\Debug\vc100.idb
C:\USERS\PPPP\DESKTOP\COM_2\DEBUG\VC100.PDB
C:\USERS\PPPP\DESKTOP\COM_2\KLASA_H.H
C:\USERS\PPPP\DESKTOP\COM_2\KLASA_I.C
C:\USERS\PPPP\DESKTOP\COM_2\KLASA_P.C
C:\USERS\PPPP\DESKTOP\KSR_LAB1\DEBUG\COM_2.DLL
C:\Users\pppp\Desktop\KSR_LAB1\Debug\com_2.exp
C:\USERS\PPPP\DESKTOP\KSR_LAB1\DEBUG\COM_2.ILK
C:\Users\pppp\Desktop\KSR_LAB1\Debug\com_2.lib
C:\USERS\PPPP\DESKTOP\KSR_LAB1\DEBUG\COM_2.PDB
